Using pre-set license
Built from '2020.3/staging' branch; Version is '2020.3.16f1 (049d6eca3c44) revision 302446'; Using compiler version '192528614'; Build Type 'Release'
OS: 'Windows 10 Pro; OS build 19043.1348; Version 2009; 64bit' Language: 'en' Physical Memory: 16218 MB
BatchMode: 1, IsHumanControllingUs: 0, StartBugReporterOnCrash: 0, Is64bit: 1, IsPro: 0

 COMMAND LINE ARGUMENTS:
C:\Program Files\Unity\Hub\Editor\2020.3.16f1\Editor\Unity.exe
-adb2
-batchMode
-noUpm
-name
AssetImportWorker0
-projectPath
C:/Users/tluci/ITBA/SS/Final/SdS_Final_2021Q1G02_Animacion/SS
-logFile
Logs/AssetImportWorker0.log
-srvPort
63894
Successfully changed project path to: C:/Users/tluci/ITBA/SS/Final/SdS_Final_2021Q1G02_Animacion/SS
C:/Users/tluci/ITBA/SS/Final/SdS_Final_2021Q1G02_Animacion/SS
Using Asset Import Pipeline V2.
Refreshing native plugins compatible for Editor in 106.80 ms, found 2 plugins.
Preloading 0 native plugins for Editor in 0.00 ms.
Initialize engine version: 2020.3.16f1 (049d6eca3c44)
[Subsystems] Discovering subsystems at path C:/Program Files/Unity/Hub/Editor/2020.3.16f1/Editor/Data/Resources/UnitySubsystems
[Subsystems] Discovering subsystems at path C:/Users/tluci/ITBA/SS/Final/SdS_Final_2021Q1G02_Animacion/SS/Assets
GfxDevice: creating device client; threaded=0
Direct3D:
    Version:  Direct3D 11.0 [level 11.1]
    Renderer: Intel(R) UHD Graphics 620 (ID=0x5917)
    Vendor:   
    VRAM:     8109 MB
    Driver:   27.20.100.9749
Initialize mono
Mono path[0] = 'C:/Program Files/Unity/Hub/Editor/2020.3.16f1/Editor/Data/Managed'
Mono path[1] = 'C:/Program Files/Unity/Hub/Editor/2020.3.16f1/Editor/Data/MonoBleedingEdge/lib/mono/unityjit'
Mono config path = 'C:/Program Files/Unity/Hub/Editor/2020.3.16f1/Editor/Data/MonoBleedingEdge/etc'
Using monoOptions --debugger-agent=transport=dt_socket,embedding=1,server=y,suspend=n,address=127.0.0.1:56740
Begin MonoManager ReloadAssembly
Registering precompiled unity dll's ...
Register platform support module: C:/Program Files/Unity/Hub/Editor/2020.3.16f1/Editor/Data/PlaybackEngines/WindowsStandaloneSupport/UnityEditor.WindowsStandalone.Extensions.dll
Registered in 0.002584 seconds.
Native extension for WindowsStandalone target not found
Refreshing native plugins compatible for Editor in 50.88 ms, found 2 plugins.
Preloading 0 native plugins for Editor in 0.00 ms.
Mono: successfully reloaded assembly
- Completed reload, in  3.353 seconds
Domain Reload Profiling:
	ReloadAssembly (3354ms)
		BeginReloadAssembly (161ms)
			ExecutionOrderSort (0ms)
			DisableScriptedObjects (0ms)
			BackupInstance (0ms)
			ReleaseScriptingObjects (0ms)
			CreateAndSetChildDomain (1ms)
		EndReloadAssembly (552ms)
			LoadAssemblies (155ms)
			RebuildTransferFunctionScriptingTraits (0ms)
			SetupTypeCache (215ms)
			ReleaseScriptCaches (0ms)
			RebuildScriptCaches (41ms)
			SetupLoadedEditorAssemblies (206ms)
				LogAssemblyErrors (0ms)
				InitializePlatformSupportModulesInManaged (5ms)
				SetLoadedEditorAssemblies (0ms)
				RefreshPlugins (51ms)
				BeforeProcessingInitializeOnLoad (22ms)
				ProcessInitializeOnLoadAttributes (94ms)
				ProcessInitializeOnLoadMethodAttributes (34ms)
				AfterProcessingInitializeOnLoad (0ms)
				EditorAssembliesLoaded (0ms)
			ExecutionOrderSort2 (0ms)
			AwakeInstancesAfterBackupRestoration (0ms)
Platform modules already initialized, skipping
Registering precompiled user dll's ...
Registered in 0.006072 seconds.
Begin MonoManager ReloadAssembly
Native extension for WindowsStandalone target not found
Refreshing native plugins compatible for Editor in 0.77 ms, found 2 plugins.
Preloading 0 native plugins for Editor in 0.00 ms.
Mono: successfully reloaded assembly
- Completed reload, in  1.859 seconds
Domain Reload Profiling:
	ReloadAssembly (1860ms)
		BeginReloadAssembly (205ms)
			ExecutionOrderSort (0ms)
			DisableScriptedObjects (6ms)
			BackupInstance (0ms)
			ReleaseScriptingObjects (0ms)
			CreateAndSetChildDomain (23ms)
		EndReloadAssembly (1568ms)
			LoadAssemblies (113ms)
			RebuildTransferFunctionScriptingTraits (0ms)
			SetupTypeCache (568ms)
			ReleaseScriptCaches (0ms)
			RebuildScriptCaches (69ms)
			SetupLoadedEditorAssemblies (673ms)
				LogAssemblyErrors (0ms)
				InitializePlatformSupportModulesInManaged (8ms)
				SetLoadedEditorAssemblies (1ms)
				RefreshPlugins (1ms)
				BeforeProcessingInitializeOnLoad (129ms)
				ProcessInitializeOnLoadAttributes (519ms)
				ProcessInitializeOnLoadMethodAttributes (6ms)
				AfterProcessingInitializeOnLoad (9ms)
				EditorAssembliesLoaded (0ms)
			ExecutionOrderSort2 (0ms)
			AwakeInstancesAfterBackupRestoration (9ms)
Platform modules already initialized, skipping
========================================================================
Worker process is ready to serve import requests
Launched and connected shader compiler UnityShaderCompiler.exe after 0.25 seconds
Refreshing native plugins compatible for Editor in 1.85 ms, found 2 plugins.
Preloading 0 native plugins for Editor in 0.00 ms.
Unloading 1400 Unused Serialized files (Serialized files now loaded: 0)
System memory in use before: 67.0 MB.
System memory in use after: 67.0 MB.

Unloading 18 unused Assets to reduce memory usage. Loaded Objects now: 1835.
Total: 6.410900 ms (FindLiveObjects: 0.212000 ms CreateObjectMapping: 0.203200 ms MarkObjects: 5.795500 ms  DeleteObjects: 0.198000 ms)

AssetImportParameters requested are different than current active one (requested -> active):
  custom:framework-win-MediaFoundation: 216162199b28c13a410421893ffa2e32 -> 
  custom:video-decoder-ogg-theora: a1e56fd34408186e4bbccfd4996cb3dc -> 
  custom:container-muxer-webm: aa71ff27fc2769a1b78a27578f13a17b -> 
  custom:container-demuxer-webm: 4f35f7cbe854078d1ac9338744f61a02 -> 
  custom:container-demuxer-ogg: 62fdf1f143b41e24485cea50d1cbac27 -> 
  custom:video-encoder-webm-vp8: eb34c28f22e8b96e1ab97ce403110664 -> 
  custom:video-codec-MediaFoundation-h265: 746d11721c4dcdbdad8f713fa42b33f4 -> 
  custom:video-decoder-webm-vp8: 9c59270c3fd7afecdb556c50c9e8de78 -> 
  custom:audio-decoder-ogg-vorbis: bf7c407c2cedff20999df2af8eb42d56 -> 
  custom:audio-encoder-webm-vorbis: bf7c407c2cedff20999df2af8eb42d56 -> 
========================================================================
Received Import Request.
  path: Assets/Scripts/carsManager.cs
  artifactKey: Guid(39c77cf1bd32ccd4d8d98884b94cc528) Importer(815301076,1909f56bfc062723c751e8b465ee728b)
Start importing Assets/Scripts/carsManager.cs using Guid(39c77cf1bd32ccd4d8d98884b94cc528) Importer(815301076,1909f56bfc062723c751e8b465ee728b)  -> (artifact id: 'c88f9c1d3f2e2ea13bfb419b2b23507f') in 0.063679 seconds 
  Import took 0.072681 seconds .

========================================================================
Received Import Request.
  Time since last request: 2047.417599 seconds.
  path: Assets/output/simulation_1.xyz
  artifactKey: Guid(3c2921db7cad0ea4cb154256fb35181b) Importer(815301076,1909f56bfc062723c751e8b465ee728b)
Start importing Assets/output/simulation_1.xyz using Guid(3c2921db7cad0ea4cb154256fb35181b) Importer(815301076,1909f56bfc062723c751e8b465ee728b)  -> (artifact id: 'bce93836ff720ecee94999cc99dcbaa6') in 0.058954 seconds 
  Import took 0.066139 seconds .

========================================================================
Received Import Request.
  Time since last request: 56.234700 seconds.
  path: Assets/output/simulation_4.xyz
  artifactKey: Guid(c5e748f6e5b3e674f8dcebc1ed13cc1c) Importer(815301076,1909f56bfc062723c751e8b465ee728b)
Start importing Assets/output/simulation_4.xyz using Guid(c5e748f6e5b3e674f8dcebc1ed13cc1c) Importer(815301076,1909f56bfc062723c751e8b465ee728b)  -> (artifact id: 'ba1ce5f44eebfd2a1d3f31644a402cb2') in 0.017098 seconds 
  Import took 0.020871 seconds .

========================================================================
Received Import Request.
  Time since last request: 22.835713 seconds.
  path: Assets/output/simulation_4.xyz
  artifactKey: Guid(c5e748f6e5b3e674f8dcebc1ed13cc1c) Importer(815301076,1909f56bfc062723c751e8b465ee728b)
Start importing Assets/output/simulation_4.xyz using Guid(c5e748f6e5b3e674f8dcebc1ed13cc1c) Importer(815301076,1909f56bfc062723c751e8b465ee728b)  -> (artifact id: '22c4f385c1831b812e9419dc21b82fb5') in 0.007170 seconds 
  Import took 0.011398 seconds .

========================================================================
Received Import Request.
  Time since last request: 4.713339 seconds.
  path: Assets/output/simulation_5.xyz
  artifactKey: Guid(e4883e7b1adb8594db5ad1f3507f6503) Importer(815301076,1909f56bfc062723c751e8b465ee728b)
Start importing Assets/output/simulation_5.xyz using Guid(e4883e7b1adb8594db5ad1f3507f6503) Importer(815301076,1909f56bfc062723c751e8b465ee728b)  -> (artifact id: '89fe06fed3648e0371a376880b2da00a') in 0.022539 seconds 
  Import took 0.027972 seconds .

========================================================================
Received Import Request.
  Time since last request: 8.606680 seconds.
  path: Assets/output/simulation_5.xyz
  artifactKey: Guid(e4883e7b1adb8594db5ad1f3507f6503) Importer(815301076,1909f56bfc062723c751e8b465ee728b)
Start importing Assets/output/simulation_5.xyz using Guid(e4883e7b1adb8594db5ad1f3507f6503) Importer(815301076,1909f56bfc062723c751e8b465ee728b)  -> (artifact id: 'edef4f3881d9552d46f4f87fc6273780') in 0.009338 seconds 
  Import took 0.014684 seconds .

========================================================================
Received Import Request.
  Time since last request: 1.162314 seconds.
  path: Assets/output/simulation_6.xyz
  artifactKey: Guid(d3ca50fa8eb8e3a488cae1bcced38189) Importer(815301076,1909f56bfc062723c751e8b465ee728b)
Start importing Assets/output/simulation_6.xyz using Guid(d3ca50fa8eb8e3a488cae1bcced38189) Importer(815301076,1909f56bfc062723c751e8b465ee728b)  -> (artifact id: '158a08bb4c1bb3e1b702302fe4b4a0fa') in 0.027463 seconds 
  Import took 0.033602 seconds .

========================================================================
Received Import Request.
  Time since last request: 10.389238 seconds.
  path: Assets/output/simulation_6.xyz
  artifactKey: Guid(d3ca50fa8eb8e3a488cae1bcced38189) Importer(815301076,1909f56bfc062723c751e8b465ee728b)
Start importing Assets/output/simulation_6.xyz using Guid(d3ca50fa8eb8e3a488cae1bcced38189) Importer(815301076,1909f56bfc062723c751e8b465ee728b)  -> (artifact id: '5059c121b379ae687ec0069740055b3a') in 0.021208 seconds 
  Import took 0.033304 seconds .

========================================================================
Received Prepare
Registering precompiled user dll's ...
Registered in 0.005438 seconds.
Begin MonoManager ReloadAssembly
Native extension for WindowsStandalone target not found
Refreshing native plugins compatible for Editor in 0.54 ms, found 2 plugins.
Preloading 0 native plugins for Editor in 0.00 ms.
Mono: successfully reloaded assembly
- Completed reload, in  1.232 seconds
Domain Reload Profiling:
	ReloadAssembly (1232ms)
		BeginReloadAssembly (132ms)
			ExecutionOrderSort (0ms)
			DisableScriptedObjects (5ms)
			BackupInstance (0ms)
			ReleaseScriptingObjects (0ms)
			CreateAndSetChildDomain (39ms)
		EndReloadAssembly (1022ms)
			LoadAssemblies (104ms)
			RebuildTransferFunctionScriptingTraits (0ms)
			SetupTypeCache (322ms)
			ReleaseScriptCaches (1ms)
			RebuildScriptCaches (44ms)
			SetupLoadedEditorAssemblies (444ms)
				LogAssemblyErrors (0ms)
				InitializePlatformSupportModulesInManaged (6ms)
				SetLoadedEditorAssemblies (1ms)
				RefreshPlugins (1ms)
				BeforeProcessingInitializeOnLoad (101ms)
				ProcessInitializeOnLoadAttributes (324ms)
				ProcessInitializeOnLoadMethodAttributes (5ms)
				AfterProcessingInitializeOnLoad (8ms)
				EditorAssembliesLoaded (0ms)
			ExecutionOrderSort2 (0ms)
			AwakeInstancesAfterBackupRestoration (8ms)
Platform modules already initialized, skipping
Refreshing native plugins compatible for Editor in 0.54 ms, found 2 plugins.
Preloading 0 native plugins for Editor in 0.00 ms.
Unloading 1394 Unused Serialized files (Serialized files now loaded: 0)
System memory in use before: 66.8 MB.
System memory in use after: 67.0 MB.

Unloading 13 unused Assets to reduce memory usage. Loaded Objects now: 1837.
Total: 3.610800 ms (FindLiveObjects: 0.176800 ms CreateObjectMapping: 0.064700 ms MarkObjects: 3.333800 ms  DeleteObjects: 0.034100 ms)

AssetImportParameters requested are different than current active one (requested -> active):
  custom:framework-win-MediaFoundation: 216162199b28c13a410421893ffa2e32 -> 
  custom:video-decoder-ogg-theora: a1e56fd34408186e4bbccfd4996cb3dc -> 
  custom:container-muxer-webm: aa71ff27fc2769a1b78a27578f13a17b -> 
  custom:container-demuxer-webm: 4f35f7cbe854078d1ac9338744f61a02 -> 
  custom:container-demuxer-ogg: 62fdf1f143b41e24485cea50d1cbac27 -> 
  custom:video-encoder-webm-vp8: eb34c28f22e8b96e1ab97ce403110664 -> 
  custom:video-codec-MediaFoundation-h265: 746d11721c4dcdbdad8f713fa42b33f4 -> 
  custom:video-decoder-webm-vp8: 9c59270c3fd7afecdb556c50c9e8de78 -> 
  custom:audio-decoder-ogg-vorbis: bf7c407c2cedff20999df2af8eb42d56 -> 
  custom:audio-encoder-webm-vorbis: bf7c407c2cedff20999df2af8eb42d56 -> 
========================================================================
Received Prepare
Registering precompiled user dll's ...
Registered in 0.005918 seconds.
Begin MonoManager ReloadAssembly
Native extension for WindowsStandalone target not found
Refreshing native plugins compatible for Editor in 0.52 ms, found 2 plugins.
Preloading 0 native plugins for Editor in 0.00 ms.
Mono: successfully reloaded assembly
- Completed reload, in  1.263 seconds
Domain Reload Profiling:
	ReloadAssembly (1263ms)
		BeginReloadAssembly (145ms)
			ExecutionOrderSort (0ms)
			DisableScriptedObjects (5ms)
			BackupInstance (0ms)
			ReleaseScriptingObjects (0ms)
			CreateAndSetChildDomain (41ms)
		EndReloadAssembly (1037ms)
			LoadAssemblies (115ms)
			RebuildTransferFunctionScriptingTraits (0ms)
			SetupTypeCache (328ms)
			ReleaseScriptCaches (1ms)
			RebuildScriptCaches (46ms)
			SetupLoadedEditorAssemblies (444ms)
				LogAssemblyErrors (0ms)
				InitializePlatformSupportModulesInManaged (6ms)
				SetLoadedEditorAssemblies (1ms)
				RefreshPlugins (1ms)
				BeforeProcessingInitializeOnLoad (87ms)
				ProcessInitializeOnLoadAttributes (338ms)
				ProcessInitializeOnLoadMethodAttributes (5ms)
				AfterProcessingInitializeOnLoad (8ms)
				EditorAssembliesLoaded (0ms)
			ExecutionOrderSort2 (0ms)
			AwakeInstancesAfterBackupRestoration (8ms)
Platform modules already initialized, skipping
Refreshing native plugins compatible for Editor in 0.54 ms, found 2 plugins.
Preloading 0 native plugins for Editor in 0.00 ms.
Unloading 1394 Unused Serialized files (Serialized files now loaded: 0)
System memory in use before: 66.9 MB.
System memory in use after: 67.0 MB.

Unloading 13 unused Assets to reduce memory usage. Loaded Objects now: 1839.
Total: 3.428300 ms (FindLiveObjects: 0.164500 ms CreateObjectMapping: 0.052100 ms MarkObjects: 3.191100 ms  DeleteObjects: 0.019400 ms)

AssetImportParameters requested are different than current active one (requested -> active):
  custom:framework-win-MediaFoundation: 216162199b28c13a410421893ffa2e32 -> 
  custom:video-decoder-ogg-theora: a1e56fd34408186e4bbccfd4996cb3dc -> 
  custom:container-muxer-webm: aa71ff27fc2769a1b78a27578f13a17b -> 
  custom:container-demuxer-webm: 4f35f7cbe854078d1ac9338744f61a02 -> 
  custom:container-demuxer-ogg: 62fdf1f143b41e24485cea50d1cbac27 -> 
  custom:video-encoder-webm-vp8: eb34c28f22e8b96e1ab97ce403110664 -> 
  custom:video-codec-MediaFoundation-h265: 746d11721c4dcdbdad8f713fa42b33f4 -> 
  custom:video-decoder-webm-vp8: 9c59270c3fd7afecdb556c50c9e8de78 -> 
  custom:audio-decoder-ogg-vorbis: bf7c407c2cedff20999df2af8eb42d56 -> 
  custom:audio-encoder-webm-vorbis: bf7c407c2cedff20999df2af8eb42d56 -> 
========================================================================
Received Import Request.
  Time since last request: 179.166503 seconds.
  path: Assets/output/simulation_7.xyz
  artifactKey: Guid(660026c7a34752741ba74c6caaf92605) Importer(815301076,1909f56bfc062723c751e8b465ee728b)
Start importing Assets/output/simulation_7.xyz using Guid(660026c7a34752741ba74c6caaf92605) Importer(815301076,1909f56bfc062723c751e8b465ee728b)  -> (artifact id: '69a0100310e5baa6a6a54bd8628c1559') in 0.037518 seconds 
  Import took 0.042635 seconds .

========================================================================
Received Import Request.
  Time since last request: 12.456649 seconds.
  path: Assets/output/simulation_7.xyz
  artifactKey: Guid(660026c7a34752741ba74c6caaf92605) Importer(815301076,1909f56bfc062723c751e8b465ee728b)
Start importing Assets/output/simulation_7.xyz using Guid(660026c7a34752741ba74c6caaf92605) Importer(815301076,1909f56bfc062723c751e8b465ee728b)  -> (artifact id: '656710c2e2b24497fca39131f50a1d2d') in 0.006152 seconds 
  Import took 0.009840 seconds .

========================================================================
Received Import Request.
  Time since last request: 1.772453 seconds.
  path: Assets/output/simulation_8.xyz
  artifactKey: Guid(f0f8c7f37e548504aa287f92a3894f9e) Importer(815301076,1909f56bfc062723c751e8b465ee728b)
Start importing Assets/output/simulation_8.xyz using Guid(f0f8c7f37e548504aa287f92a3894f9e) Importer(815301076,1909f56bfc062723c751e8b465ee728b)  -> (artifact id: '210b432e9ae24a8cc129b370b751dd75') in 0.015769 seconds 
  Import took 0.020812 seconds .

========================================================================
Received Prepare
Registering precompiled user dll's ...
Registered in 0.005738 seconds.
Begin MonoManager ReloadAssembly
Native extension for WindowsStandalone target not found
Refreshing native plugins compatible for Editor in 0.54 ms, found 2 plugins.
Preloading 0 native plugins for Editor in 0.00 ms.
Mono: successfully reloaded assembly
- Completed reload, in  1.333 seconds
Domain Reload Profiling:
	ReloadAssembly (1333ms)
		BeginReloadAssembly (183ms)
			ExecutionOrderSort (0ms)
			DisableScriptedObjects (5ms)
			BackupInstance (0ms)
			ReleaseScriptingObjects (0ms)
			CreateAndSetChildDomain (44ms)
		EndReloadAssembly (1052ms)
			LoadAssemblies (146ms)
			RebuildTransferFunctionScriptingTraits (0ms)
			SetupTypeCache (322ms)
			ReleaseScriptCaches (1ms)
			RebuildScriptCaches (47ms)
			SetupLoadedEditorAssemblies (459ms)
				LogAssemblyErrors (0ms)
				InitializePlatformSupportModulesInManaged (6ms)
				SetLoadedEditorAssemblies (1ms)
				RefreshPlugins (1ms)
				BeforeProcessingInitializeOnLoad (89ms)
				ProcessInitializeOnLoadAttributes (348ms)
				ProcessInitializeOnLoadMethodAttributes (6ms)
				AfterProcessingInitializeOnLoad (8ms)
				EditorAssembliesLoaded (0ms)
			ExecutionOrderSort2 (0ms)
			AwakeInstancesAfterBackupRestoration (9ms)
Platform modules already initialized, skipping
Refreshing native plugins compatible for Editor in 0.55 ms, found 2 plugins.
Preloading 0 native plugins for Editor in 0.00 ms.
Unloading 1394 Unused Serialized files (Serialized files now loaded: 0)
System memory in use before: 66.9 MB.
System memory in use after: 67.0 MB.

Unloading 13 unused Assets to reduce memory usage. Loaded Objects now: 1841.
Total: 3.773300 ms (FindLiveObjects: 0.174600 ms CreateObjectMapping: 0.052900 ms MarkObjects: 3.519800 ms  DeleteObjects: 0.024600 ms)

AssetImportParameters requested are different than current active one (requested -> active):
  custom:framework-win-MediaFoundation: 216162199b28c13a410421893ffa2e32 -> 
  custom:video-decoder-ogg-theora: a1e56fd34408186e4bbccfd4996cb3dc -> 
  custom:container-muxer-webm: aa71ff27fc2769a1b78a27578f13a17b -> 
  custom:container-demuxer-webm: 4f35f7cbe854078d1ac9338744f61a02 -> 
  custom:container-demuxer-ogg: 62fdf1f143b41e24485cea50d1cbac27 -> 
  custom:video-encoder-webm-vp8: eb34c28f22e8b96e1ab97ce403110664 -> 
  custom:video-codec-MediaFoundation-h265: 746d11721c4dcdbdad8f713fa42b33f4 -> 
  custom:video-decoder-webm-vp8: 9c59270c3fd7afecdb556c50c9e8de78 -> 
  custom:audio-decoder-ogg-vorbis: bf7c407c2cedff20999df2af8eb42d56 -> 
  custom:audio-encoder-webm-vorbis: bf7c407c2cedff20999df2af8eb42d56 -> 
========================================================================
Received Import Request.
  Time since last request: 43.863218 seconds.
  path: Assets/output/simulation_8.xyz
  artifactKey: Guid(f0f8c7f37e548504aa287f92a3894f9e) Importer(815301076,1909f56bfc062723c751e8b465ee728b)
Start importing Assets/output/simulation_8.xyz using Guid(f0f8c7f37e548504aa287f92a3894f9e) Importer(815301076,1909f56bfc062723c751e8b465ee728b)  -> (artifact id: 'e640534e8c0521bbb606927e91dcde16') in 0.014811 seconds 
  Import took 0.018058 seconds .

========================================================================
Received Import Request.
  Time since last request: 2.872680 seconds.
  path: Assets/output/simulation_8.xyz
  artifactKey: Guid(f0f8c7f37e548504aa287f92a3894f9e) Importer(815301076,1909f56bfc062723c751e8b465ee728b)
Start importing Assets/output/simulation_8.xyz using Guid(f0f8c7f37e548504aa287f92a3894f9e) Importer(815301076,1909f56bfc062723c751e8b465ee728b)  -> (artifact id: 'e640534e8c0521bbb606927e91dcde16') in 0.004336 seconds 
  Import took 0.007672 seconds .

========================================================================
Received Prepare
Registering precompiled user dll's ...
Registered in 0.005431 seconds.
Begin MonoManager ReloadAssembly
Native extension for WindowsStandalone target not found
Refreshing native plugins compatible for Editor in 0.54 ms, found 2 plugins.
Preloading 0 native plugins for Editor in 0.00 ms.
Mono: successfully reloaded assembly
- Completed reload, in  1.364 seconds
Domain Reload Profiling:
	ReloadAssembly (1365ms)
		BeginReloadAssembly (187ms)
			ExecutionOrderSort (0ms)
			DisableScriptedObjects (7ms)
			BackupInstance (0ms)
			ReleaseScriptingObjects (0ms)
			CreateAndSetChildDomain (64ms)
		EndReloadAssembly (1079ms)
			LoadAssemblies (123ms)
			RebuildTransferFunctionScriptingTraits (0ms)
			SetupTypeCache (375ms)
			ReleaseScriptCaches (1ms)
			RebuildScriptCaches (45ms)
			SetupLoadedEditorAssemblies (434ms)
				LogAssemblyErrors (0ms)
				InitializePlatformSupportModulesInManaged (6ms)
				SetLoadedEditorAssemblies (1ms)
				RefreshPlugins (1ms)
				BeforeProcessingInitializeOnLoad (87ms)
				ProcessInitializeOnLoadAttributes (327ms)
				ProcessInitializeOnLoadMethodAttributes (5ms)
				AfterProcessingInitializeOnLoad (8ms)
				EditorAssembliesLoaded (0ms)
			ExecutionOrderSort2 (0ms)
			AwakeInstancesAfterBackupRestoration (8ms)
Platform modules already initialized, skipping
Refreshing native plugins compatible for Editor in 0.56 ms, found 2 plugins.
Preloading 0 native plugins for Editor in 0.00 ms.
Unloading 1394 Unused Serialized files (Serialized files now loaded: 0)
System memory in use before: 66.9 MB.
System memory in use after: 67.0 MB.

Unloading 13 unused Assets to reduce memory usage. Loaded Objects now: 1843.
Total: 3.841400 ms (FindLiveObjects: 0.178700 ms CreateObjectMapping: 0.050700 ms MarkObjects: 3.579900 ms  DeleteObjects: 0.030800 ms)

AssetImportParameters requested are different than current active one (requested -> active):
  custom:framework-win-MediaFoundation: 216162199b28c13a410421893ffa2e32 -> 
  custom:video-decoder-ogg-theora: a1e56fd34408186e4bbccfd4996cb3dc -> 
  custom:container-muxer-webm: aa71ff27fc2769a1b78a27578f13a17b -> 
  custom:container-demuxer-webm: 4f35f7cbe854078d1ac9338744f61a02 -> 
  custom:container-demuxer-ogg: 62fdf1f143b41e24485cea50d1cbac27 -> 
  custom:video-encoder-webm-vp8: eb34c28f22e8b96e1ab97ce403110664 -> 
  custom:video-codec-MediaFoundation-h265: 746d11721c4dcdbdad8f713fa42b33f4 -> 
  custom:video-decoder-webm-vp8: 9c59270c3fd7afecdb556c50c9e8de78 -> 
  custom:audio-decoder-ogg-vorbis: bf7c407c2cedff20999df2af8eb42d56 -> 
  custom:audio-encoder-webm-vorbis: bf7c407c2cedff20999df2af8eb42d56 -> 
========================================================================
Received Import Request.
  Time since last request: 22.342135 seconds.
  path: Assets/output/simulation_9.xyz
  artifactKey: Guid(3ef89921e22a7f544adecbc44e3be32c) Importer(815301076,1909f56bfc062723c751e8b465ee728b)
Start importing Assets/output/simulation_9.xyz using Guid(3ef89921e22a7f544adecbc44e3be32c) Importer(815301076,1909f56bfc062723c751e8b465ee728b)  -> (artifact id: 'deff1e2fc3990d1bb0488c0153e330a3') in 0.022989 seconds 
  Import took 0.026038 seconds .

========================================================================
Received Import Request.
  Time since last request: 10.003533 seconds.
  path: Assets/output/simulation_9.xyz
  artifactKey: Guid(3ef89921e22a7f544adecbc44e3be32c) Importer(815301076,1909f56bfc062723c751e8b465ee728b)
Start importing Assets/output/simulation_9.xyz using Guid(3ef89921e22a7f544adecbc44e3be32c) Importer(815301076,1909f56bfc062723c751e8b465ee728b)  -> (artifact id: '0ef9d35f733717da4f76c9e109455009') in 0.006823 seconds 
  Import took 0.010409 seconds .

========================================================================
Received Import Request.
  Time since last request: 0.960156 seconds.
  path: Assets/output/simulation_10.xyz
  artifactKey: Guid(cb2cc96179b0dac4da33844ab0e3a6af) Importer(815301076,1909f56bfc062723c751e8b465ee728b)
Start importing Assets/output/simulation_10.xyz using Guid(cb2cc96179b0dac4da33844ab0e3a6af) Importer(815301076,1909f56bfc062723c751e8b465ee728b)  -> (artifact id: '9fea83a3faec53756606a3a94fd8490c') in 0.019850 seconds 
  Import took 0.024635 seconds .

========================================================================
Received Import Request.
  Time since last request: 9.677211 seconds.
  path: Assets/output/simulation_10.xyz
  artifactKey: Guid(cb2cc96179b0dac4da33844ab0e3a6af) Importer(815301076,1909f56bfc062723c751e8b465ee728b)
Start importing Assets/output/simulation_10.xyz using Guid(cb2cc96179b0dac4da33844ab0e3a6af) Importer(815301076,1909f56bfc062723c751e8b465ee728b)  -> (artifact id: '524e4e9ae066efa98926d29dc937c34c') in 0.018776 seconds 
  Import took 0.029943 seconds .

========================================================================
Received Import Request.
  Time since last request: 0.917781 seconds.
  path: Assets/output/simulation_11.xyz
  artifactKey: Guid(897a261c3c068684794466e38009365e) Importer(815301076,1909f56bfc062723c751e8b465ee728b)
Start importing Assets/output/simulation_11.xyz using Guid(897a261c3c068684794466e38009365e) Importer(815301076,1909f56bfc062723c751e8b465ee728b)  -> (artifact id: 'e1344ac77a63c8f5fda34b208b1cd4b6') in 0.022622 seconds 
  Import took 0.031427 seconds .

========================================================================
Received Import Request.
  Time since last request: 26.470410 seconds.
  path: Assets/output/simulation_11.xyz
  artifactKey: Guid(897a261c3c068684794466e38009365e) Importer(815301076,1909f56bfc062723c751e8b465ee728b)
Start importing Assets/output/simulation_11.xyz using Guid(897a261c3c068684794466e38009365e) Importer(815301076,1909f56bfc062723c751e8b465ee728b)  -> (artifact id: 'c5c8a6f55988c9fd1ee9c80a9f3e1fbe') in 0.010715 seconds 
  Import took 0.016786 seconds .

========================================================================
Received Prepare
Registering precompiled user dll's ...
Registered in 0.005177 seconds.
Begin MonoManager ReloadAssembly
Native extension for WindowsStandalone target not found
Refreshing native plugins compatible for Editor in 0.54 ms, found 2 plugins.
Preloading 0 native plugins for Editor in 0.00 ms.
Mono: successfully reloaded assembly
- Completed reload, in  1.280 seconds
Domain Reload Profiling:
	ReloadAssembly (1280ms)
		BeginReloadAssembly (140ms)
			ExecutionOrderSort (0ms)
			DisableScriptedObjects (5ms)
			BackupInstance (0ms)
			ReleaseScriptingObjects (0ms)
			CreateAndSetChildDomain (38ms)
		EndReloadAssembly (1062ms)
			LoadAssemblies (111ms)
			RebuildTransferFunctionScriptingTraits (0ms)
			SetupTypeCache (314ms)
			ReleaseScriptCaches (1ms)
			RebuildScriptCaches (44ms)
			SetupLoadedEditorAssemblies (487ms)
				LogAssemblyErrors (0ms)
				InitializePlatformSupportModulesInManaged (6ms)
				SetLoadedEditorAssemblies (1ms)
				RefreshPlugins (1ms)
				BeforeProcessingInitializeOnLoad (90ms)
				ProcessInitializeOnLoadAttributes (375ms)
				ProcessInitializeOnLoadMethodAttributes (5ms)
				AfterProcessingInitializeOnLoad (9ms)
				EditorAssembliesLoaded (0ms)
			ExecutionOrderSort2 (0ms)
			AwakeInstancesAfterBackupRestoration (11ms)
Platform modules already initialized, skipping
Refreshing native plugins compatible for Editor in 0.62 ms, found 2 plugins.
Preloading 0 native plugins for Editor in 0.00 ms.
Unloading 1394 Unused Serialized files (Serialized files now loaded: 0)
System memory in use before: 67.0 MB.
System memory in use after: 67.1 MB.

Unloading 13 unused Assets to reduce memory usage. Loaded Objects now: 1845.
Total: 3.660900 ms (FindLiveObjects: 0.189800 ms CreateObjectMapping: 0.066300 ms MarkObjects: 3.376900 ms  DeleteObjects: 0.025500 ms)

AssetImportParameters requested are different than current active one (requested -> active):
  custom:framework-win-MediaFoundation: 216162199b28c13a410421893ffa2e32 -> 
  custom:video-decoder-ogg-theora: a1e56fd34408186e4bbccfd4996cb3dc -> 
  custom:container-muxer-webm: aa71ff27fc2769a1b78a27578f13a17b -> 
  custom:container-demuxer-webm: 4f35f7cbe854078d1ac9338744f61a02 -> 
  custom:container-demuxer-ogg: 62fdf1f143b41e24485cea50d1cbac27 -> 
  custom:video-encoder-webm-vp8: eb34c28f22e8b96e1ab97ce403110664 -> 
  custom:video-codec-MediaFoundation-h265: 746d11721c4dcdbdad8f713fa42b33f4 -> 
  custom:video-decoder-webm-vp8: 9c59270c3fd7afecdb556c50c9e8de78 -> 
  custom:audio-decoder-ogg-vorbis: bf7c407c2cedff20999df2af8eb42d56 -> 
  custom:audio-encoder-webm-vorbis: bf7c407c2cedff20999df2af8eb42d56 -> 
========================================================================
Received Import Request.
  Time since last request: 54.514697 seconds.
  path: Assets/output/simulation_12.xyz
  artifactKey: Guid(280a58229e88c04469535b461f481369) Importer(815301076,1909f56bfc062723c751e8b465ee728b)
Start importing Assets/output/simulation_12.xyz using Guid(280a58229e88c04469535b461f481369) Importer(815301076,1909f56bfc062723c751e8b465ee728b)  -> (artifact id: 'e139ee43b04cda14353481dd04192339') in 0.025614 seconds 
  Import took 0.029597 seconds .

========================================================================
Received Import Request.
  Time since last request: 14.927891 seconds.
  path: Assets/output/simulation_12.xyz
  artifactKey: Guid(280a58229e88c04469535b461f481369) Importer(815301076,1909f56bfc062723c751e8b465ee728b)
Start importing Assets/output/simulation_12.xyz using Guid(280a58229e88c04469535b461f481369) Importer(815301076,1909f56bfc062723c751e8b465ee728b)  -> (artifact id: 'fac0dcf5c91ee9499cf0a0a955a6b311') in 0.005258 seconds 
  Import took 0.008730 seconds .

========================================================================
Received Import Request.
  Time since last request: 1.519952 seconds.
  path: Assets/output/simulation_13.xyz
  artifactKey: Guid(13c906a9c2d71f8458fe379393d729f6) Importer(815301076,1909f56bfc062723c751e8b465ee728b)
Start importing Assets/output/simulation_13.xyz using Guid(13c906a9c2d71f8458fe379393d729f6) Importer(815301076,1909f56bfc062723c751e8b465ee728b)  -> (artifact id: '78179fa86bf863118e47bf1fdf606529') in 0.020387 seconds 
  Import took 0.026558 seconds .

========================================================================
Received Import Request.
  Time since last request: 8.242081 seconds.
  path: Assets/output/simulation_13.xyz
  artifactKey: Guid(13c906a9c2d71f8458fe379393d729f6) Importer(815301076,1909f56bfc062723c751e8b465ee728b)
Start importing Assets/output/simulation_13.xyz using Guid(13c906a9c2d71f8458fe379393d729f6) Importer(815301076,1909f56bfc062723c751e8b465ee728b)  -> (artifact id: 'fea574177c804d8181427206666f9f3d') in 0.004848 seconds 
  Import took 0.008777 seconds .

========================================================================
Received Prepare
Registering precompiled user dll's ...
Registered in 0.015061 seconds.
Begin MonoManager ReloadAssembly
Native extension for WindowsStandalone target not found
Refreshing native plugins compatible for Editor in 0.62 ms, found 2 plugins.
Preloading 0 native plugins for Editor in 0.00 ms.
Mono: successfully reloaded assembly
- Completed reload, in  1.793 seconds
Domain Reload Profiling:
	ReloadAssembly (1794ms)
		BeginReloadAssembly (290ms)
			ExecutionOrderSort (0ms)
			DisableScriptedObjects (9ms)
			BackupInstance (0ms)
			ReleaseScriptingObjects (0ms)
			CreateAndSetChildDomain (51ms)
		EndReloadAssembly (1363ms)
			LoadAssemblies (273ms)
			RebuildTransferFunctionScriptingTraits (0ms)
			SetupTypeCache (474ms)
			ReleaseScriptCaches (1ms)
			RebuildScriptCaches (70ms)
			SetupLoadedEditorAssemblies (527ms)
				LogAssemblyErrors (0ms)
				InitializePlatformSupportModulesInManaged (10ms)
				SetLoadedEditorAssemblies (1ms)
				RefreshPlugins (1ms)
				BeforeProcessingInitializeOnLoad (118ms)
				ProcessInitializeOnLoadAttributes (382ms)
				ProcessInitializeOnLoadMethodAttributes (6ms)
				AfterProcessingInitializeOnLoad (10ms)
				EditorAssembliesLoaded (0ms)
			ExecutionOrderSort2 (0ms)
			AwakeInstancesAfterBackupRestoration (9ms)
Platform modules already initialized, skipping
Refreshing native plugins compatible for Editor in 0.56 ms, found 2 plugins.
Preloading 0 native plugins for Editor in 0.00 ms.
Unloading 1394 Unused Serialized files (Serialized files now loaded: 0)
System memory in use before: 67.0 MB.
System memory in use after: 67.1 MB.

Unloading 13 unused Assets to reduce memory usage. Loaded Objects now: 1847.
Total: 3.673100 ms (FindLiveObjects: 0.177500 ms CreateObjectMapping: 0.058800 ms MarkObjects: 3.413600 ms  DeleteObjects: 0.022000 ms)

AssetImportParameters requested are different than current active one (requested -> active):
  custom:framework-win-MediaFoundation: 216162199b28c13a410421893ffa2e32 -> 
  custom:video-decoder-ogg-theora: a1e56fd34408186e4bbccfd4996cb3dc -> 
  custom:container-muxer-webm: aa71ff27fc2769a1b78a27578f13a17b -> 
  custom:container-demuxer-webm: 4f35f7cbe854078d1ac9338744f61a02 -> 
  custom:container-demuxer-ogg: 62fdf1f143b41e24485cea50d1cbac27 -> 
  custom:video-encoder-webm-vp8: eb34c28f22e8b96e1ab97ce403110664 -> 
  custom:video-codec-MediaFoundation-h265: 746d11721c4dcdbdad8f713fa42b33f4 -> 
  custom:video-decoder-webm-vp8: 9c59270c3fd7afecdb556c50c9e8de78 -> 
  custom:audio-decoder-ogg-vorbis: bf7c407c2cedff20999df2af8eb42d56 -> 
  custom:audio-encoder-webm-vorbis: bf7c407c2cedff20999df2af8eb42d56 -> 
========================================================================
Received Prepare
Registering precompiled user dll's ...
Registered in 0.017317 seconds.
Begin MonoManager ReloadAssembly
Native extension for WindowsStandalone target not found
Refreshing native plugins compatible for Editor in 0.99 ms, found 2 plugins.
Preloading 0 native plugins for Editor in 0.00 ms.
Mono: successfully reloaded assembly
- Completed reload, in  3.028 seconds
Domain Reload Profiling:
	ReloadAssembly (3029ms)
		BeginReloadAssembly (317ms)
			ExecutionOrderSort (0ms)
			DisableScriptedObjects (15ms)
			BackupInstance (0ms)
			ReleaseScriptingObjects (0ms)
			CreateAndSetChildDomain (87ms)
		EndReloadAssembly (2548ms)
			LoadAssemblies (263ms)
			RebuildTransferFunctionScriptingTraits (0ms)
			SetupTypeCache (779ms)
			ReleaseScriptCaches (1ms)
			RebuildScriptCaches (124ms)
			SetupLoadedEditorAssemblies (1102ms)
				LogAssemblyErrors (0ms)
				InitializePlatformSupportModulesInManaged (15ms)
				SetLoadedEditorAssemblies (1ms)
				RefreshPlugins (1ms)
				BeforeProcessingInitializeOnLoad (234ms)
				ProcessInitializeOnLoadAttributes (817ms)
				ProcessInitializeOnLoadMethodAttributes (13ms)
				AfterProcessingInitializeOnLoad (20ms)
				EditorAssembliesLoaded (1ms)
			ExecutionOrderSort2 (0ms)
			AwakeInstancesAfterBackupRestoration (19ms)
Platform modules already initialized, skipping
Refreshing native plugins compatible for Editor in 1.53 ms, found 2 plugins.
Preloading 0 native plugins for Editor in 0.00 ms.
Unloading 1394 Unused Serialized files (Serialized files now loaded: 0)
System memory in use before: 67.0 MB.
System memory in use after: 67.1 MB.

Unloading 13 unused Assets to reduce memory usage. Loaded Objects now: 1849.
Total: 9.024700 ms (FindLiveObjects: 0.296700 ms CreateObjectMapping: 0.106000 ms MarkObjects: 8.555600 ms  DeleteObjects: 0.063800 ms)

AssetImportParameters requested are different than current active one (requested -> active):
  custom:framework-win-MediaFoundation: 216162199b28c13a410421893ffa2e32 -> 
  custom:video-decoder-ogg-theora: a1e56fd34408186e4bbccfd4996cb3dc -> 
  custom:container-muxer-webm: aa71ff27fc2769a1b78a27578f13a17b -> 
  custom:container-demuxer-webm: 4f35f7cbe854078d1ac9338744f61a02 -> 
  custom:container-demuxer-ogg: 62fdf1f143b41e24485cea50d1cbac27 -> 
  custom:video-encoder-webm-vp8: eb34c28f22e8b96e1ab97ce403110664 -> 
  custom:video-codec-MediaFoundation-h265: 746d11721c4dcdbdad8f713fa42b33f4 -> 
  custom:video-decoder-webm-vp8: 9c59270c3fd7afecdb556c50c9e8de78 -> 
  custom:audio-decoder-ogg-vorbis: bf7c407c2cedff20999df2af8eb42d56 -> 
  custom:audio-encoder-webm-vorbis: bf7c407c2cedff20999df2af8eb42d56 -> 
AssetImportWorkerClient::OnTransportError - code=2 error=End of file
